Determining if the pthread_create exist failed with the following output:
Change Dir: /home/shalini/projects/modular_snake/build/CMakeFiles/CMakeTmp

Run Build Command:/usr/bin/make "cmTryCompileExec3970681538/fast"
/usr/bin/make -f CMakeFiles/cmTryCompileExec3970681538.dir/build.make CMakeFiles/cmTryCompileExec3970681538.dir/build
make[1]: Entering directory `/home/shalini/projects/modular_snake/build/CMakeFiles/CMakeTmp'
/usr/bin/cmake -E cmake_progress_report /home/shalini/projects/modular_snake/build/CMakeFiles/CMakeTmp/CMakeFiles 1
Building C object CMakeFiles/cmTryCompileExec3970681538.dir/CheckSymbolExists.c.o
/usr/bin/cc    -o CMakeFiles/cmTryCompileExec3970681538.dir/CheckSymbolExists.c.o   -c /home/shalini/projects/modular_snake/build/CMakeFiles/CMakeTmp/CheckSymbolExists.c
Linking C executable cmTryCompileExec3970681538
/usr/bin/cmake -E cmake_link_script CMakeFiles/cmTryCompileExec3970681538.dir/link.txt --verbose=1
/usr/bin/cc       CMakeFiles/cmTryCompileExec3970681538.dir/CheckSymbolExists.c.o  -o cmTryCompileExec3970681538 -rdynamic 
CMakeFiles/cmTryCompileExec3970681538.dir/CheckSymbolExists.c.o: In function `main':
CheckSymbolExists.c:(.text+0x16): undefined reference to `pthread_create'
collect2: error: ld returned 1 exit status
make[1]: *** [cmTryCompileExec3970681538] Error 1
make[1]: Leaving directory `/home/shalini/projects/modular_snake/build/CMakeFiles/CMakeTmp'
make: *** [cmTryCompileExec3970681538/fast] Error 2

File /home/shalini/projects/modular_snake/build/CMakeFiles/CMakeTmp/CheckSymbolExists.c:
/* */
#include <pthread.h>

int main(int argc, char** argv)
{
  (void)argv;
#ifndef pthread_create
  return ((int*)(&pthread_create))[argc];
#else
  (void)argc;
  return 0;
#endif
}

Determining if the function pthread_create exists in the pthreads failed with the following output:
Change Dir: /home/shalini/projects/modular_snake/build/CMakeFiles/CMakeTmp

Run Build Command:/usr/bin/make "cmTryCompileExec3033662116/fast"
/usr/bin/make -f CMakeFiles/cmTryCompileExec3033662116.dir/build.make CMakeFiles/cmTryCompileExec3033662116.dir/build
make[1]: Entering directory `/home/shalini/projects/modular_snake/build/CMakeFiles/CMakeTmp'
/usr/bin/cmake -E cmake_progress_report /home/shalini/projects/modular_snake/build/CMakeFiles/CMakeTmp/CMakeFiles 1
Building C object CMakeFiles/cmTryCompileExec3033662116.dir/CheckFunctionExists.c.o
/usr/bin/cc   -DCHECK_FUNCTION_EXISTS=pthread_create   -o CMakeFiles/cmTryCompileExec3033662116.dir/CheckFunctionExists.c.o   -c /usr/share/cmake-2.8/Modules/CheckFunctionExists.c
Linking C executable cmTryCompileExec3033662116
/usr/bin/cmake -E cmake_link_script CMakeFiles/cmTryCompileExec3033662116.dir/link.txt --verbose=1
/usr/bin/cc   -DCHECK_FUNCTION_EXISTS=pthread_create    CMakeFiles/cmTryCompileExec3033662116.dir/CheckFunctionExists.c.o  -o cmTryCompileExec3033662116 -rdynamic -lpthreads 
/usr/bin/ld: cannot find -lpthreads
collect2: error: ld returned 1 exit status
make[1]: *** [cmTryCompileExec3033662116] Error 1
make[1]: Leaving directory `/home/shalini/projects/modular_snake/build/CMakeFiles/CMakeTmp'
make: *** [cmTryCompileExec3033662116/fast] Error 2


